[2022-07-03 23:47:54,305] {processor.py:163} INFO - Started process (PID=4013) to work on /opt/airflow/dags/data_ingestion.py
[2022-07-03 23:47:54,313] {processor.py:642} INFO - Processing file /opt/airflow/dags/data_ingestion.py for tasks to queue
[2022-07-03 23:47:54,318] {logging_mixin.py:109} INFO - [2022-07-03 23:47:54,317] {dagbag.py:500} INFO - Filling up the DagBag from /opt/airflow/dags/data_ingestion.py
[2022-07-03 23:47:59,056] {processor.py:652} INFO - DAG(s) dict_keys(['imdb_data_ingestion']) retrieved from /opt/airflow/dags/data_ingestion.py
[2022-07-03 23:47:59,101] {logging_mixin.py:109} INFO - [2022-07-03 23:47:59,101] {dag.py:2398} INFO - Sync 1 DAGs
[2022-07-03 23:47:59,160] {processor.py:171} INFO - Processing /opt/airflow/dags/data_ingestion.py took 4.865 seconds
[2022-07-03 23:48:29,336] {processor.py:163} INFO - Started process (PID=4031) to work on /opt/airflow/dags/data_ingestion.py
[2022-07-03 23:48:29,340] {processor.py:642} INFO - Processing file /opt/airflow/dags/data_ingestion.py for tasks to queue
[2022-07-03 23:48:29,341] {logging_mixin.py:109} INFO - [2022-07-03 23:48:29,341] {dagbag.py:500} INFO - Filling up the DagBag from /opt/airflow/dags/data_ingestion.py
[2022-07-03 23:48:30,389] {processor.py:652} INFO - DAG(s) dict_keys(['imdb_data_ingestion']) retrieved from /opt/airflow/dags/data_ingestion.py
[2022-07-03 23:48:30,410] {logging_mixin.py:109} INFO - [2022-07-03 23:48:30,409] {dag.py:2398} INFO - Sync 1 DAGs
[2022-07-03 23:48:30,432] {processor.py:171} INFO - Processing /opt/airflow/dags/data_ingestion.py took 1.102 seconds
[2022-07-03 23:49:00,483] {processor.py:163} INFO - Started process (PID=4054) to work on /opt/airflow/dags/data_ingestion.py
[2022-07-03 23:49:00,485] {processor.py:642} INFO - Processing file /opt/airflow/dags/data_ingestion.py for tasks to queue
[2022-07-03 23:49:00,486] {logging_mixin.py:109} INFO - [2022-07-03 23:49:00,485] {dagbag.py:500} INFO - Filling up the DagBag from /opt/airflow/dags/data_ingestion.py
[2022-07-03 23:49:01,794] {processor.py:652} INFO - DAG(s) dict_keys(['imdb_data_ingestion']) retrieved from /opt/airflow/dags/data_ingestion.py
[2022-07-03 23:49:01,825] {logging_mixin.py:109} INFO - [2022-07-03 23:49:01,825] {dag.py:2398} INFO - Sync 1 DAGs
[2022-07-03 23:49:01,859] {processor.py:171} INFO - Processing /opt/airflow/dags/data_ingestion.py took 1.381 seconds
[2022-07-03 23:49:31,974] {processor.py:163} INFO - Started process (PID=4070) to work on /opt/airflow/dags/data_ingestion.py
[2022-07-03 23:49:31,977] {processor.py:642} INFO - Processing file /opt/airflow/dags/data_ingestion.py for tasks to queue
[2022-07-03 23:49:31,978] {logging_mixin.py:109} INFO - [2022-07-03 23:49:31,978] {dagbag.py:500} INFO - Filling up the DagBag from /opt/airflow/dags/data_ingestion.py
[2022-07-03 23:49:34,946] {processor.py:652} INFO - DAG(s) dict_keys(['imdb_data_ingestion']) retrieved from /opt/airflow/dags/data_ingestion.py
[2022-07-03 23:49:35,003] {logging_mixin.py:109} INFO - [2022-07-03 23:49:35,003] {dag.py:2398} INFO - Sync 1 DAGs
[2022-07-03 23:49:35,073] {processor.py:171} INFO - Processing /opt/airflow/dags/data_ingestion.py took 3.105 seconds
[2022-07-03 23:50:05,267] {processor.py:163} INFO - Started process (PID=4094) to work on /opt/airflow/dags/data_ingestion.py
[2022-07-03 23:50:05,273] {processor.py:642} INFO - Processing file /opt/airflow/dags/data_ingestion.py for tasks to queue
[2022-07-03 23:50:05,274] {logging_mixin.py:109} INFO - [2022-07-03 23:50:05,274] {dagbag.py:500} INFO - Filling up the DagBag from /opt/airflow/dags/data_ingestion.py
[2022-07-03 23:50:06,545] {processor.py:652} INFO - DAG(s) dict_keys(['imdb_data_ingestion']) retrieved from /opt/airflow/dags/data_ingestion.py
[2022-07-03 23:50:06,569] {logging_mixin.py:109} INFO - [2022-07-03 23:50:06,568] {dag.py:2398} INFO - Sync 1 DAGs
[2022-07-03 23:50:06,592] {processor.py:171} INFO - Processing /opt/airflow/dags/data_ingestion.py took 1.348 seconds
[2022-07-03 23:50:36,704] {processor.py:163} INFO - Started process (PID=4111) to work on /opt/airflow/dags/data_ingestion.py
[2022-07-03 23:50:36,706] {processor.py:642} INFO - Processing file /opt/airflow/dags/data_ingestion.py for tasks to queue
[2022-07-03 23:50:36,706] {logging_mixin.py:109} INFO - [2022-07-03 23:50:36,706] {dagbag.py:500} INFO - Filling up the DagBag from /opt/airflow/dags/data_ingestion.py
[2022-07-03 23:50:37,677] {processor.py:652} INFO - DAG(s) dict_keys(['imdb_data_ingestion']) retrieved from /opt/airflow/dags/data_ingestion.py
[2022-07-03 23:50:37,699] {logging_mixin.py:109} INFO - [2022-07-03 23:50:37,698] {dag.py:2398} INFO - Sync 1 DAGs
[2022-07-03 23:50:37,721] {processor.py:171} INFO - Processing /opt/airflow/dags/data_ingestion.py took 1.022 seconds
[2022-07-03 23:51:07,835] {processor.py:163} INFO - Started process (PID=4129) to work on /opt/airflow/dags/data_ingestion.py
[2022-07-03 23:51:07,837] {processor.py:642} INFO - Processing file /opt/airflow/dags/data_ingestion.py for tasks to queue
[2022-07-03 23:51:07,837] {logging_mixin.py:109} INFO - [2022-07-03 23:51:07,837] {dagbag.py:500} INFO - Filling up the DagBag from /opt/airflow/dags/data_ingestion.py
[2022-07-03 23:51:08,848] {processor.py:652} INFO - DAG(s) dict_keys(['imdb_data_ingestion']) retrieved from /opt/airflow/dags/data_ingestion.py
[2022-07-03 23:51:08,872] {logging_mixin.py:109} INFO - [2022-07-03 23:51:08,872] {dag.py:2398} INFO - Sync 1 DAGs
[2022-07-03 23:51:08,898] {processor.py:171} INFO - Processing /opt/airflow/dags/data_ingestion.py took 1.068 seconds
[2022-07-03 23:51:39,032] {processor.py:163} INFO - Started process (PID=4146) to work on /opt/airflow/dags/data_ingestion.py
[2022-07-03 23:51:39,034] {processor.py:642} INFO - Processing file /opt/airflow/dags/data_ingestion.py for tasks to queue
[2022-07-03 23:51:39,034] {logging_mixin.py:109} INFO - [2022-07-03 23:51:39,034] {dagbag.py:500} INFO - Filling up the DagBag from /opt/airflow/dags/data_ingestion.py
[2022-07-03 23:51:40,023] {processor.py:652} INFO - DAG(s) dict_keys(['imdb_data_ingestion']) retrieved from /opt/airflow/dags/data_ingestion.py
[2022-07-03 23:51:40,044] {logging_mixin.py:109} INFO - [2022-07-03 23:51:40,044] {dag.py:2398} INFO - Sync 1 DAGs
[2022-07-03 23:51:40,067] {processor.py:171} INFO - Processing /opt/airflow/dags/data_ingestion.py took 1.039 seconds
[2022-07-03 23:52:10,200] {processor.py:163} INFO - Started process (PID=4171) to work on /opt/airflow/dags/data_ingestion.py
[2022-07-03 23:52:10,212] {processor.py:642} INFO - Processing file /opt/airflow/dags/data_ingestion.py for tasks to queue
[2022-07-03 23:52:10,213] {logging_mixin.py:109} INFO - [2022-07-03 23:52:10,213] {dagbag.py:500} INFO - Filling up the DagBag from /opt/airflow/dags/data_ingestion.py
[2022-07-03 23:52:12,592] {processor.py:652} INFO - DAG(s) dict_keys(['imdb_data_ingestion']) retrieved from /opt/airflow/dags/data_ingestion.py
[2022-07-03 23:52:12,622] {logging_mixin.py:109} INFO - [2022-07-03 23:52:12,621] {dag.py:2398} INFO - Sync 1 DAGs
[2022-07-03 23:52:12,656] {processor.py:171} INFO - Processing /opt/airflow/dags/data_ingestion.py took 2.470 seconds
[2022-07-03 23:52:42,776] {processor.py:163} INFO - Started process (PID=4188) to work on /opt/airflow/dags/data_ingestion.py
[2022-07-03 23:52:42,778] {processor.py:642} INFO - Processing file /opt/airflow/dags/data_ingestion.py for tasks to queue
[2022-07-03 23:52:42,779] {logging_mixin.py:109} INFO - [2022-07-03 23:52:42,779] {dagbag.py:500} INFO - Filling up the DagBag from /opt/airflow/dags/data_ingestion.py
[2022-07-03 23:52:43,877] {processor.py:652} INFO - DAG(s) dict_keys(['imdb_data_ingestion']) retrieved from /opt/airflow/dags/data_ingestion.py
[2022-07-03 23:52:43,905] {logging_mixin.py:109} INFO - [2022-07-03 23:52:43,904] {dag.py:2398} INFO - Sync 1 DAGs
[2022-07-03 23:52:43,943] {processor.py:171} INFO - Processing /opt/airflow/dags/data_ingestion.py took 1.173 seconds
[2022-07-03 23:53:14,095] {processor.py:163} INFO - Started process (PID=4213) to work on /opt/airflow/dags/data_ingestion.py
[2022-07-03 23:53:14,100] {processor.py:642} INFO - Processing file /opt/airflow/dags/data_ingestion.py for tasks to queue
[2022-07-03 23:53:14,101] {logging_mixin.py:109} INFO - [2022-07-03 23:53:14,101] {dagbag.py:500} INFO - Filling up the DagBag from /opt/airflow/dags/data_ingestion.py
[2022-07-03 23:53:16,828] {processor.py:652} INFO - DAG(s) dict_keys(['imdb_data_ingestion']) retrieved from /opt/airflow/dags/data_ingestion.py
[2022-07-03 23:53:16,873] {logging_mixin.py:109} INFO - [2022-07-03 23:53:16,873] {dag.py:2398} INFO - Sync 1 DAGs
[2022-07-03 23:53:16,944] {processor.py:171} INFO - Processing /opt/airflow/dags/data_ingestion.py took 2.877 seconds
[2022-07-03 23:53:43,057] {processor.py:163} INFO - Started process (PID=4230) to work on /opt/airflow/dags/data_ingestion.py
[2022-07-03 23:53:43,060] {processor.py:642} INFO - Processing file /opt/airflow/dags/data_ingestion.py for tasks to queue
[2022-07-03 23:53:43,062] {logging_mixin.py:109} INFO - [2022-07-03 23:53:43,061] {dagbag.py:500} INFO - Filling up the DagBag from /opt/airflow/dags/data_ingestion.py
[2022-07-03 23:53:44,692] {processor.py:652} INFO - DAG(s) dict_keys(['imdb_data_ingestion']) retrieved from /opt/airflow/dags/data_ingestion.py
[2022-07-03 23:53:45,070] {logging_mixin.py:109} INFO - [2022-07-03 23:53:45,069] {dag.py:2398} INFO - Sync 1 DAGs
[2022-07-03 23:53:45,111] {processor.py:171} INFO - Processing /opt/airflow/dags/data_ingestion.py took 2.062 seconds
[2022-07-03 23:54:15,214] {processor.py:163} INFO - Started process (PID=4248) to work on /opt/airflow/dags/data_ingestion.py
[2022-07-03 23:54:15,219] {processor.py:642} INFO - Processing file /opt/airflow/dags/data_ingestion.py for tasks to queue
[2022-07-03 23:54:15,220] {logging_mixin.py:109} INFO - [2022-07-03 23:54:15,220] {dagbag.py:500} INFO - Filling up the DagBag from /opt/airflow/dags/data_ingestion.py
[2022-07-03 23:54:16,445] {processor.py:652} INFO - DAG(s) dict_keys(['imdb_data_ingestion']) retrieved from /opt/airflow/dags/data_ingestion.py
[2022-07-03 23:54:16,469] {logging_mixin.py:109} INFO - [2022-07-03 23:54:16,468] {dag.py:2398} INFO - Sync 1 DAGs
[2022-07-03 23:54:16,495] {processor.py:171} INFO - Processing /opt/airflow/dags/data_ingestion.py took 1.288 seconds
[2022-07-03 23:54:46,598] {processor.py:163} INFO - Started process (PID=4272) to work on /opt/airflow/dags/data_ingestion.py
[2022-07-03 23:54:46,600] {processor.py:642} INFO - Processing file /opt/airflow/dags/data_ingestion.py for tasks to queue
[2022-07-03 23:54:46,601] {logging_mixin.py:109} INFO - [2022-07-03 23:54:46,601] {dagbag.py:500} INFO - Filling up the DagBag from /opt/airflow/dags/data_ingestion.py
[2022-07-03 23:54:49,655] {processor.py:652} INFO - DAG(s) dict_keys(['imdb_data_ingestion']) retrieved from /opt/airflow/dags/data_ingestion.py
[2022-07-03 23:54:49,699] {logging_mixin.py:109} INFO - [2022-07-03 23:54:49,699] {dag.py:2398} INFO - Sync 1 DAGs
[2022-07-03 23:54:49,759] {processor.py:171} INFO - Processing /opt/airflow/dags/data_ingestion.py took 3.168 seconds
[2022-07-03 23:55:19,901] {processor.py:163} INFO - Started process (PID=4288) to work on /opt/airflow/dags/data_ingestion.py
[2022-07-03 23:55:19,902] {processor.py:642} INFO - Processing file /opt/airflow/dags/data_ingestion.py for tasks to queue
[2022-07-03 23:55:19,903] {logging_mixin.py:109} INFO - [2022-07-03 23:55:19,903] {dagbag.py:500} INFO - Filling up the DagBag from /opt/airflow/dags/data_ingestion.py
[2022-07-03 23:55:21,089] {processor.py:652} INFO - DAG(s) dict_keys(['imdb_data_ingestion']) retrieved from /opt/airflow/dags/data_ingestion.py
[2022-07-03 23:55:21,113] {logging_mixin.py:109} INFO - [2022-07-03 23:55:21,113] {dag.py:2398} INFO - Sync 1 DAGs
[2022-07-03 23:55:21,140] {processor.py:171} INFO - Processing /opt/airflow/dags/data_ingestion.py took 1.253 seconds
[2022-07-03 23:55:51,232] {processor.py:163} INFO - Started process (PID=4305) to work on /opt/airflow/dags/data_ingestion.py
[2022-07-03 23:55:51,234] {processor.py:642} INFO - Processing file /opt/airflow/dags/data_ingestion.py for tasks to queue
[2022-07-03 23:55:51,235] {logging_mixin.py:109} INFO - [2022-07-03 23:55:51,235] {dagbag.py:500} INFO - Filling up the DagBag from /opt/airflow/dags/data_ingestion.py
[2022-07-03 23:55:52,216] {processor.py:652} INFO - DAG(s) dict_keys(['imdb_data_ingestion']) retrieved from /opt/airflow/dags/data_ingestion.py
[2022-07-03 23:55:52,237] {logging_mixin.py:109} INFO - [2022-07-03 23:55:52,236] {dag.py:2398} INFO - Sync 1 DAGs
[2022-07-03 23:55:52,261] {processor.py:171} INFO - Processing /opt/airflow/dags/data_ingestion.py took 1.034 seconds
[2022-07-03 23:56:22,386] {processor.py:163} INFO - Started process (PID=4331) to work on /opt/airflow/dags/data_ingestion.py
[2022-07-03 23:56:22,388] {processor.py:642} INFO - Processing file /opt/airflow/dags/data_ingestion.py for tasks to queue
[2022-07-03 23:56:22,389] {logging_mixin.py:109} INFO - [2022-07-03 23:56:22,389] {dagbag.py:500} INFO - Filling up the DagBag from /opt/airflow/dags/data_ingestion.py
[2022-07-03 23:56:24,288] {processor.py:652} INFO - DAG(s) dict_keys(['imdb_data_ingestion']) retrieved from /opt/airflow/dags/data_ingestion.py
[2022-07-03 23:56:24,318] {logging_mixin.py:109} INFO - [2022-07-03 23:56:24,317] {dag.py:2398} INFO - Sync 1 DAGs
[2022-07-03 23:56:24,354] {processor.py:171} INFO - Processing /opt/airflow/dags/data_ingestion.py took 1.980 seconds
[2022-07-03 23:56:54,490] {processor.py:163} INFO - Started process (PID=4348) to work on /opt/airflow/dags/data_ingestion.py
[2022-07-03 23:56:54,491] {processor.py:642} INFO - Processing file /opt/airflow/dags/data_ingestion.py for tasks to queue
[2022-07-03 23:56:54,492] {logging_mixin.py:109} INFO - [2022-07-03 23:56:54,492] {dagbag.py:500} INFO - Filling up the DagBag from /opt/airflow/dags/data_ingestion.py
[2022-07-03 23:56:55,477] {processor.py:652} INFO - DAG(s) dict_keys(['imdb_data_ingestion']) retrieved from /opt/airflow/dags/data_ingestion.py
[2022-07-03 23:56:55,501] {logging_mixin.py:109} INFO - [2022-07-03 23:56:55,501] {dag.py:2398} INFO - Sync 1 DAGs
[2022-07-03 23:56:55,710] {processor.py:171} INFO - Processing /opt/airflow/dags/data_ingestion.py took 1.225 seconds
[2022-07-03 23:57:25,814] {processor.py:163} INFO - Started process (PID=4372) to work on /opt/airflow/dags/data_ingestion.py
[2022-07-03 23:57:25,818] {processor.py:642} INFO - Processing file /opt/airflow/dags/data_ingestion.py for tasks to queue
[2022-07-03 23:57:25,819] {logging_mixin.py:109} INFO - [2022-07-03 23:57:25,819] {dagbag.py:500} INFO - Filling up the DagBag from /opt/airflow/dags/data_ingestion.py
[2022-07-03 23:57:26,936] {processor.py:652} INFO - DAG(s) dict_keys(['imdb_data_ingestion']) retrieved from /opt/airflow/dags/data_ingestion.py
[2022-07-03 23:57:26,961] {logging_mixin.py:109} INFO - [2022-07-03 23:57:26,960] {dag.py:2398} INFO - Sync 1 DAGs
[2022-07-03 23:57:27,141] {processor.py:171} INFO - Processing /opt/airflow/dags/data_ingestion.py took 1.333 seconds
[2022-07-03 23:57:57,242] {processor.py:163} INFO - Started process (PID=4389) to work on /opt/airflow/dags/data_ingestion.py
[2022-07-03 23:57:57,244] {processor.py:642} INFO - Processing file /opt/airflow/dags/data_ingestion.py for tasks to queue
[2022-07-03 23:57:57,245] {logging_mixin.py:109} INFO - [2022-07-03 23:57:57,245] {dagbag.py:500} INFO - Filling up the DagBag from /opt/airflow/dags/data_ingestion.py
[2022-07-03 23:57:58,199] {processor.py:652} INFO - DAG(s) dict_keys(['imdb_data_ingestion']) retrieved from /opt/airflow/dags/data_ingestion.py
[2022-07-03 23:57:58,223] {logging_mixin.py:109} INFO - [2022-07-03 23:57:58,222] {dag.py:2398} INFO - Sync 1 DAGs
[2022-07-03 23:57:58,402] {processor.py:171} INFO - Processing /opt/airflow/dags/data_ingestion.py took 1.167 seconds
[2022-07-03 23:58:28,529] {processor.py:163} INFO - Started process (PID=4410) to work on /opt/airflow/dags/data_ingestion.py
[2022-07-03 23:58:28,533] {processor.py:642} INFO - Processing file /opt/airflow/dags/data_ingestion.py for tasks to queue
[2022-07-03 23:58:28,534] {logging_mixin.py:109} INFO - [2022-07-03 23:58:28,534] {dagbag.py:500} INFO - Filling up the DagBag from /opt/airflow/dags/data_ingestion.py
[2022-07-03 23:58:30,308] {processor.py:652} INFO - DAG(s) dict_keys(['imdb_data_ingestion']) retrieved from /opt/airflow/dags/data_ingestion.py
[2022-07-03 23:58:30,336] {logging_mixin.py:109} INFO - [2022-07-03 23:58:30,335] {dag.py:2398} INFO - Sync 1 DAGs
[2022-07-03 23:58:30,370] {processor.py:171} INFO - Processing /opt/airflow/dags/data_ingestion.py took 1.872 seconds
[2022-07-03 23:59:00,497] {processor.py:163} INFO - Started process (PID=4426) to work on /opt/airflow/dags/data_ingestion.py
[2022-07-03 23:59:00,500] {processor.py:642} INFO - Processing file /opt/airflow/dags/data_ingestion.py for tasks to queue
[2022-07-03 23:59:00,501] {logging_mixin.py:109} INFO - [2022-07-03 23:59:00,501] {dagbag.py:500} INFO - Filling up the DagBag from /opt/airflow/dags/data_ingestion.py
[2022-07-03 23:59:01,922] {processor.py:652} INFO - DAG(s) dict_keys(['imdb_data_ingestion']) retrieved from /opt/airflow/dags/data_ingestion.py
[2022-07-03 23:59:01,998] {logging_mixin.py:109} INFO - [2022-07-03 23:59:01,998] {dag.py:2398} INFO - Sync 1 DAGs
[2022-07-03 23:59:02,085] {processor.py:171} INFO - Processing /opt/airflow/dags/data_ingestion.py took 1.594 seconds
[2022-07-03 23:59:32,255] {processor.py:163} INFO - Started process (PID=4449) to work on /opt/airflow/dags/data_ingestion.py
[2022-07-03 23:59:32,257] {processor.py:642} INFO - Processing file /opt/airflow/dags/data_ingestion.py for tasks to queue
[2022-07-03 23:59:32,258] {logging_mixin.py:109} INFO - [2022-07-03 23:59:32,258] {dagbag.py:500} INFO - Filling up the DagBag from /opt/airflow/dags/data_ingestion.py
[2022-07-03 23:59:33,978] {processor.py:652} INFO - DAG(s) dict_keys(['imdb_data_ingestion']) retrieved from /opt/airflow/dags/data_ingestion.py
[2022-07-03 23:59:34,010] {logging_mixin.py:109} INFO - [2022-07-03 23:59:34,010] {dag.py:2398} INFO - Sync 1 DAGs
[2022-07-03 23:59:34,046] {processor.py:171} INFO - Processing /opt/airflow/dags/data_ingestion.py took 1.799 seconds
